<?xml version="1.0" encoding="UTF-8"?>
<testng-results skipped="0" failed="0" ignored="1" total="2" passed="1">
  <reporter-output>
  </reporter-output>
  <suite name="Default suite" duration-ms="1914" started-at="2017-07-19T13:04:43Z" finished-at="2017-07-19T13:04:45Z">
    <groups>
    </groups>
    <test name="Default test" duration-ms="1914" started-at="2017-07-19T13:04:43Z" finished-at="2017-07-19T13:04:45Z">
      <class name="com.qainfotech.Basic">
        <test-method status="PASS" signature="setURL()[pri:0, instance:com.qainfotech.Basic@4c70fda8]" name="setURL" is-config="true" duration-ms="1789" started-at="2017-07-19T18:34:43Z" finished-at="2017-07-19T18:34:44Z">
          <reporter-output>
          </reporter-output>
        </test-method> <!-- setURL -->
        <test-method status="PASS" signature="testIsPlayerAdd()[pri:0, instance:com.qainfotech.Basic@4c70fda8]" name="testIsPlayerAdd" duration-ms="105" started-at="2017-07-19T18:34:44Z" finished-at="2017-07-19T18:34:45Z">
          <reporter-output>
          </reporter-output>
        </test-method> <!-- testIsPlayerAdd -->
      </class> <!-- com.qainfotech.Basic -->
    </test> <!-- Default test -->
  </suite> <!-- Default suite -->
</testng-results>
