<?xml version="1.0" encoding="UTF-8"?>
<!-- Generated by org.testng.reporters.JUnitXMLReporter -->
<testsuite hostname="ASDP1760PO02529" ignored="1" name="Default test" tests="1" failures="0" timestamp="19 Jul 2017 13:04:45 GMT" time="1.914" errors="0">
  <testcase name="testIsPlayerAdd" time="0.105" classname="com.qainfotech.Basic"/>
  <testcase name="testForStatusCode" time="0.0" classname="com.qainfotech.Basic">
    <ignored/>
  </testcase> <!-- testForStatusCode -->
</testsuite> <!-- Default test -->
